<?xml version="1.0" encoding="UTF-8"?>
<testsuite name="com.sopt.org.controller.BlogControllerTest$createBlog" tests="1" skipped="0" failures="0" errors="0" timestamp="2024-05-01T13:47:12" hostname="donghoon-MacBookPro.local" time="0.078">
  <properties/>
  <testcase name="Blog 생성 실패 테스트" classname="com.sopt.org.controller.BlogControllerTest$createBlog" time="0.078"/>
  <system-out><![CDATA[22:47:11.567 [Test worker] INFO org.springframework.test.context.support.AnnotationConfigContextLoaderUtils -- Could not detect default configuration classes for test class [com.sopt.org.controller.BlogControllerTest$createBlog]: createBlog does not declare any static, non-private, non-final, nested classes annotated with @Configuration.
22:47:11.572 [Test worker] INFO org.springframework.boot.test.context.SpringBootTestContextBootstrapper -- Found @SpringBootConfiguration com.sopt.org.Application for test class com.sopt.org.controller.BlogControllerTest$createBlog

  .   ____          _            __ _ _
 /\\ / ___'_ __ _ _(_)_ __  __ _ \ \ \ \
( ( )\___ | '_ | '_| | '_ \/ _` | \ \ \ \
 \\/  ___)| |_)| | | | | || (_| |  ) ) ) )
  '  |____| .__|_| |_|_| |_\__, | / / / /
 =========|_|==============|___/=/_/_/_/
 :: Spring Boot ::                (v3.2.4)

2024-05-01T22:47:11.703+09:00  INFO 11424 --- [week3-1] [    Test worker] c.s.org.controller.BlogControllerTest    : Starting BlogControllerTest using Java 17.0.10 with PID 11424 (started by donghoon in /Users/donghoon/IdeaProjects/sopt/hoonyworld/Seminar/week3-1)
2024-05-01T22:47:11.703+09:00  INFO 11424 --- [week3-1] [    Test worker] c.s.org.controller.BlogControllerTest    : No active profile set, falling back to 1 default profile: "default"
2024-05-01T22:47:12.624+09:00  INFO 11424 --- [week3-1] [    Test worker] o.s.b.t.m.w.SpringBootMockServletContext : Initializing Spring TestDispatcherServlet ''
2024-05-01T22:47:12.624+09:00  INFO 11424 --- [week3-1] [    Test worker] o.s.t.web.servlet.TestDispatcherServlet  : Initializing Servlet ''
2024-05-01T22:47:12.625+09:00  INFO 11424 --- [week3-1] [    Test worker] o.s.t.web.servlet.TestDispatcherServlet  : Completed initialization in 1 ms
2024-05-01T22:47:12.639+09:00  INFO 11424 --- [week3-1] [    Test worker] c.s.org.controller.BlogControllerTest    : Started BlogControllerTest in 1.048 seconds (process running for 1.469)

MockHttpServletRequest:
      HTTP Method = POST
      Request URI = /api/v1/blog
       Parameters = {}
          Headers = [Content-Type:"application/json;charset=UTF-8", memberId:"2", Content-Length:"70"]
             Body = {"title":"소현이네 블로그","description":"블로그입니다."}
    Session Attrs = {}

Handler:
             Type = com.sopt.org.controller.BlogController
           Method = com.sopt.org.controller.BlogController#createBlog(Long, BlogCreateRequest)

Async:
    Async started = false
     Async result = null

Resolved Exception:
             Type = com.sopt.org.exception.NotFoundException

ModelAndView:
        View name = null
             View = null
            Model = null

FlashMap:
       Attributes = null

MockHttpServletResponse:
           Status = 404
    Error message = null
          Headers = [Content-Type:"application/json"]
     Content type = application/json
             Body = {"status":404,"message":"ID에 해당하는 사용자가 존재하지 않습니다."}
    Forwarded URL = null
   Redirected URL = null
          Cookies = []
]]></system-out>
  <system-err><![CDATA[]]></system-err>
</testsuite>
