<?xml version="1.0" encoding="UTF-8"?>
<testsuite name="com.sopt.org.controller.BlogControllerTest" tests="0" skipped="0" failures="0" errors="0" timestamp="1970-01-01T00:00:00" hostname="donghoon-MacBookPro.local" time="0.0">
  <properties/>
  <system-out><![CDATA[22:47:11.494 [Test worker] INFO org.springframework.test.context.support.AnnotationConfigContextLoaderUtils -- Could not detect default configuration classes for test class [com.sopt.org.controller.BlogControllerTest]: BlogControllerTest does not declare any static, non-private, non-final, nested classes annotated with @Configuration.
22:47:11.554 [Test worker] INFO org.springframework.boot.test.context.SpringBootTestContextBootstrapper -- Found @SpringBootConfiguration com.sopt.org.Application for test class com.sopt.org.controller.BlogControllerTest
]]></system-out>
  <system-err><![CDATA[]]></system-err>
</testsuite>
