<?xml version="1.0" encoding="UTF-8"?>
<testsuite name="멤버 생성 테스트" tests="1" skipped="0" failures="0" errors="0" timestamp="2024-04-17T09:21:46" hostname="donghoon-MacBookPro.local" time="0.607">
  <properties/>
  <testcase name="요청 성공 케이스" classname="com.sopt.org.controller.MemberControllerTest$CreateMember" time="0.607"/>
  <system-out><![CDATA[2024-04-17T18:21:46.167+09:00  INFO 82917 --- [week2-1] [    Test worker] t.c.s.AnnotationConfigContextLoaderUtils : Could not detect default configuration classes for test class [com.sopt.org.controller.MemberControllerTest$CreateMember]: CreateMember does not declare any static, non-private, non-final, nested classes annotated with @Configuration.
2024-04-17T18:21:46.168+09:00  INFO 82917 --- [week2-1] [    Test worker] .b.t.c.SpringBootTestContextBootstrapper : Found @SpringBootConfiguration com.sopt.org.Application for test class com.sopt.org.controller.MemberControllerTest$CreateMember

  .   ____          _            __ _ _
 /\\ / ___'_ __ _ _(_)_ __  __ _ \ \ \ \
( ( )\___ | '_ | '_| | '_ \/ _` | \ \ \ \
 \\/  ___)| |_)| | | | | || (_| |  ) ) ) )
  '  |____| .__|_| |_|_| |_\__, | / / / /
 =========|_|==============|___/=/_/_/_/
 :: Spring Boot ::                (v3.2.4)

2024-04-17T18:21:46.183+09:00  INFO 82917 --- [week2-1] [    Test worker] c.s.org.controller.MemberControllerTest  : Starting MemberControllerTest using Java 17.0.10 with PID 82917 (started by donghoon in /Users/donghoon/IdeaProjects/sopt/hoonyworld/Seminar/week2-1)
2024-04-17T18:21:46.183+09:00  INFO 82917 --- [week2-1] [    Test worker] c.s.org.controller.MemberControllerTest  : No active profile set, falling back to 1 default profile: "default"
2024-04-17T18:21:46.243+09:00  INFO 82917 --- [week2-1] [    Test worker] .s.d.r.c.RepositoryConfigurationDelegate : Bootstrapping Spring Data JPA repositories in DEFAULT mode.
2024-04-17T18:21:46.247+09:00  INFO 82917 --- [week2-1] [    Test worker] .s.d.r.c.RepositoryConfigurationDelegate : Finished Spring Data repository scanning in 4 ms. Found 1 JPA repository interface.
2024-04-17T18:21:46.349+09:00  INFO 82917 --- [week2-1] [    Test worker] o.s.b.w.embedded.tomcat.TomcatWebServer  : Tomcat initialized with port 0 (http)
2024-04-17T18:21:46.355+09:00  INFO 82917 --- [week2-1] [    Test worker] o.apache.catalina.core.StandardService   : Starting service [Tomcat]
2024-04-17T18:21:46.356+09:00  INFO 82917 --- [week2-1] [    Test worker] o.apache.catalina.core.StandardEngine    : Starting Servlet engine: [Apache Tomcat/10.1.19]
2024-04-17T18:21:46.392+09:00  INFO 82917 --- [week2-1] [    Test worker] o.a.c.c.C.[Tomcat].[localhost].[/]       : Initializing Spring embedded WebApplicationContext
2024-04-17T18:21:46.392+09:00  INFO 82917 --- [week2-1] [    Test worker] w.s.c.ServletWebServerApplicationContext : Root WebApplicationContext: initialization completed in 208 ms
2024-04-17T18:21:46.400+09:00  INFO 82917 --- [week2-1] [    Test worker] com.zaxxer.hikari.HikariDataSource       : HikariPool-2 - Starting...
2024-04-17T18:21:46.401+09:00  INFO 82917 --- [week2-1] [    Test worker] com.zaxxer.hikari.pool.HikariPool        : HikariPool-2 - Added connection conn10: url=jdbc:h2:~/sopt user=SA
2024-04-17T18:21:46.401+09:00  INFO 82917 --- [week2-1] [    Test worker] com.zaxxer.hikari.HikariDataSource       : HikariPool-2 - Start completed.
2024-04-17T18:21:46.401+09:00  INFO 82917 --- [week2-1] [    Test worker] o.s.b.a.h2.H2ConsoleAutoConfiguration    : H2 console available at '/h2-console'. Database available at 'jdbc:h2:~/sopt'
2024-04-17T18:21:46.436+09:00  INFO 82917 --- [week2-1] [    Test worker] o.hibernate.jpa.internal.util.LogHelper  : HHH000204: Processing PersistenceUnitInfo [name: default]
2024-04-17T18:21:46.437+09:00  INFO 82917 --- [week2-1] [    Test worker] o.h.c.internal.RegionFactoryInitiator    : HHH000026: Second-level cache disabled
2024-04-17T18:21:46.439+09:00  INFO 82917 --- [week2-1] [    Test worker] o.s.o.j.p.SpringPersistenceUnitInfo      : No LoadTimeWeaver setup: ignoring JPA class transformer
2024-04-17T18:21:46.454+09:00  INFO 82917 --- [week2-1] [    Test worker] o.h.e.t.j.p.i.JtaPlatformInitiator       : HHH000489: No JTA platform available (set 'hibernate.transaction.jta.platform' to enable JTA platform integration)
2024-04-17T18:21:46.455+09:00  INFO 82917 --- [week2-1] [    Test worker] j.LocalContainerEntityManagerFactoryBean : Initialized JPA EntityManagerFactory for persistence unit 'default'
2024-04-17T18:21:46.494+09:00  WARN 82917 --- [week2-1] [    Test worker] JpaBaseConfiguration$JpaWebConfiguration : spring.jpa.open-in-view is enabled by default. Therefore, database queries may be performed during view rendering. Explicitly configure spring.jpa.open-in-view to disable this warning
2024-04-17T18:21:46.566+09:00  INFO 82917 --- [week2-1] [    Test worker] o.s.b.w.embedded.tomcat.TomcatWebServer  : Tomcat started on port 58904 (http) with context path ''
2024-04-17T18:21:46.569+09:00  INFO 82917 --- [week2-1] [    Test worker] c.s.org.controller.MemberControllerTest  : Started MemberControllerTest in 0.399 seconds (process running for 2.91)
Request method:	POST
Request URI:	http://localhost:58904/api/v1/member
Proxy:			<none>
Request params:	<none>
Query params:	<none>
Form params:	<none>
Path params:	<none>
Headers:		Accept=*/*
				Content-Type=application/json
Cookies:		<none>
Multiparts:		<none>
Body:
{
    "name": "이동훈",
    "part": "SERVER",
    "age": 24
}
2024-04-17T18:21:47.065+09:00  INFO 82917 --- [week2-1] [o-auto-1-exec-1] o.a.c.c.C.[Tomcat].[localhost].[/]       : Initializing Spring DispatcherServlet 'dispatcherServlet'
2024-04-17T18:21:47.065+09:00  INFO 82917 --- [week2-1] [o-auto-1-exec-1] o.s.web.servlet.DispatcherServlet        : Initializing Servlet 'dispatcherServlet'
2024-04-17T18:21:47.066+09:00  INFO 82917 --- [week2-1] [o-auto-1-exec-1] o.s.web.servlet.DispatcherServlet        : Completed initialization in 1 ms
Hibernate: 
    insert 
    into
        member
        (age, name, part, id) 
    values
        (?, ?, ?, default)
HTTP/1.1 201 
Location: 4
Content-Length: 0
Date: Wed, 17 Apr 2024 09:21:47 GMT
Keep-Alive: timeout=60
Connection: keep-alive
]]></system-out>
  <system-err><![CDATA[]]></system-err>
</testsuite>
